Command line invocation:
    /Applications/Xcode.app/Contents/Developer/usr/bin/xcodebuild -project DepositLens.xcodeproj -scheme DepositLens -sdk iphonesimulator -destination "platform=iOS Simulator,name=iPhone 17 Pro" CODE_SIGNING_ALLOWED=NO build

Build settings from command line:
    CODE_SIGNING_ALLOWED = NO
    SDKROOT = iphonesimulator26.5

ComputePackagePrebuildTargetDependencyGraph

Prepare packages

CreateBuildRequest

SendProjectDescription

CreateBuildOperation

ComputeTargetDependencyGraph
note: Building targets in dependency order
note: Target dependency graph (1 target)
    Target 'DepositLens' in project 'DepositLens' (no dependencies)

GatherProvisioningInputs

CreateBuildDescription

ClangStatCache /Applications/Xcode.app/Contents/Developer/Toolchains/XcodeDefault.xctoolchain/usr/bin/clang-stat-cache /Applications/Xcode.app/Contents/Developer/Platforms/iPhoneSimulator.platform/Developer/SDKs/iPhoneSimulator26.5.sdk /Users/wangrenzhu/Library/Developer/Xcode/DerivedData/SDKStatCaches.noindex/iphonesimulator26.5-23F81a-6cfe768891a92b912361537c460fe42b.sdkstatcache
    cd /Users/wangrenzhu/work/DepositLens/DepositLens.xcodeproj
    /Applications/Xcode.app/Contents/Developer/Toolchains/XcodeDefault.xctoolchain/usr/bin/clang-stat-cache /Applications/Xcode.app/Contents/Developer/Platforms/iPhoneSimulator.platform/Developer/SDKs/iPhoneSimulator26.5.sdk -o /Users/wangrenzhu/Library/Developer/Xcode/DerivedData/SDKStatCaches.noindex/iphonesimulator26.5-23F81a-6cfe768891a92b912361537c460fe42b.sdkstatcache

SwiftDriver DepositLens normal arm64 com.apple.xcode.tools.swift.compiler (in target 'DepositLens' from project 'DepositLens')
    cd /Users/wangrenzhu/work/DepositLens
    builtin-SwiftDriver -- /Applications/Xcode.app/Contents/Developer/Toolchains/XcodeDefault.xctoolchain/usr/bin/swiftc -module-name DepositLens -Onone @/Users/wangrenzhu/Library/Developer/Xcode/DerivedData/DepositLens-dsgywrournmoriaqwuqwnykmeolc/Build/Intermediates.noindex/DepositLens.build/Debug-iphonesimulator/DepositLens.build/Objects-normal/arm64/DepositLens.SwiftFileList -DDEBUG -enable-bare-slash-regex -enable-experimental-feature DebugDescriptionMacro -sdk /Applications/Xcode.app/Contents/Developer/Platforms/iPhoneSimulator.platform/Developer/SDKs/iPhoneSimulator26.5.sdk -target arm64-apple-ios14.0-simulator -g -module-cache-path /Users/wangrenzhu/Library/Developer/Xcode/DerivedData/ModuleCache.noindex -Xfrontend -serialize-debugging-options -enable-testing -index-store-path /Users/wangrenzhu/Library/Developer/Xcode/DerivedData/DepositLens-dsgywrournmoriaqwuqwnykmeolc/Index.noindex/DataStore -Xcc -D_LIBCPP_HARDENING_MODE\=_LIBCPP_HARDENING_MODE_DEBUG -swift-version 5 -I /Users/wangrenzhu/Library/Developer/Xcode/DerivedData/DepositLens-dsgywrournmoriaqwuqwnykmeolc/Build/Products/Debug-iphonesimulator -F /Users/wangrenzhu/Library/Developer/Xcode/DerivedData/DepositLens-dsgywrournmoriaqwuqwnykmeolc/Build/Products/Debug-iphonesimulator -c -j10 -enable-batch-mode -incremental -Xcc -ivfsstatcache -Xcc /Users/wangrenzhu/Library/Developer/Xcode/DerivedData/SDKStatCaches.noindex/iphonesimulator26.5-23F81a-6cfe768891a92b912361537c460fe42b.sdkstatcache -output-file-map /Users/wangrenzhu/Library/Developer/Xcode/DerivedData/DepositLens-dsgywrournmoriaqwuqwnykmeolc/Build/Intermediates.noindex/DepositLens.build/Debug-iphonesimulator/DepositLens.build/Objects-normal/arm64/DepositLens-OutputFileMap.json -use-frontend-parseable-output -save-temps -no-color-diagnostics -explicit-module-build -module-cache-path /Users/wangrenzhu/Library/Developer/Xcode/DerivedData/DepositLens-dsgywrournmoriaqwuqwnykmeolc/Build/Intermediates.noindex/SwiftExplicitPrecompiledModules -clang-scanner-module-cache-path /Users/wangrenzhu/Library/Developer/Xcode/DerivedData/ModuleCache.noindex -sdk-module-cache-path /Users/wangrenzhu/Library/Developer/Xcode/DerivedData/ModuleCache.noindex -serialize-diagnostics -emit-dependencies -emit-module -emit-module-path /Users/wangrenzhu/Library/Developer/Xcode/DerivedData/DepositLens-dsgywrournmoriaqwuqwnykmeolc/Build/Intermediates.noindex/DepositLens.build/Debug-iphonesimulator/DepositLens.build/Objects-normal/arm64/DepositLens.swiftmodule -validate-clang-modules-once -clang-build-session-file /Users/wangrenzhu/Library/Developer/Xcode/DerivedData/ModuleCache.noindex/Session.modulevalidation -Xcc -I/Users/wangrenzhu/Library/Developer/Xcode/DerivedData/DepositLens-dsgywrournmoriaqwuqwnykmeolc/Build/Intermediates.noindex/DepositLens.build/Debug-iphonesimulator/DepositLens.build/swift-overrides.hmap -emit-const-values -Xfrontend -const-gather-protocols-file -Xfrontend /Users/wangrenzhu/Library/Developer/Xcode/DerivedData/DepositLens-dsgywrournmoriaqwuqwnykmeolc/Build/Intermediates.noindex/DepositLens.build/Debug-iphonesimulator/DepositLens.build/Objects-normal/arm64/DepositLens_const_extract_protocols.json -Xcc -iquote -Xcc /Users/wangrenzhu/Library/Developer/Xcode/DerivedData/DepositLens-dsgywrournmoriaqwuqwnykmeolc/Build/Intermediates.noindex/DepositLens.build/Debug-iphonesimulator/DepositLens.build/DepositLens-generated-files.hmap -Xcc -I/Users/wangrenzhu/Library/Developer/Xcode/DerivedData/DepositLens-dsgywrournmoriaqwuqwnykmeolc/Build/Intermediates.noindex/DepositLens.build/Debug-iphonesimulator/DepositLens.build/DepositLens-own-target-headers.hmap -Xcc -I/Users/wangrenzhu/Library/Developer/Xcode/DerivedData/DepositLens-dsgywrournmoriaqwuqwnykmeolc/Build/Intermediates.noindex/DepositLens.build/Debug-iphonesimulator/DepositLens.build/DepositLens-all-target-headers.hmap -Xcc -iquote -Xcc /Users/wangrenzhu/Library/Developer/Xcode/DerivedData/DepositLens-dsgywrournmoriaqwuqwnykmeolc/Build/Intermediates.noindex/DepositLens.build/Debug-iphonesimulator/DepositLens.build/DepositLens-project-headers.hmap -Xcc -I/Users/wangrenzhu/Library/Developer/Xcode/DerivedData/DepositLens-dsgywrournmoriaqwuqwnykmeolc/Build/Products/Debug-iphonesimulator/include -Xcc -I/Users/wangrenzhu/Library/Developer/Xcode/DerivedData/DepositLens-dsgywrournmoriaqwuqwnykmeolc/Build/Intermediates.noindex/DepositLens.build/Debug-iphonesimulator/DepositLens.build/DerivedSources-normal/arm64 -Xcc -I/Users/wangrenzhu/Library/Developer/Xcode/DerivedData/DepositLens-dsgywrournmoriaqwuqwnykmeolc/Build/Intermediates.noindex/DepositLens.build/Debug-iphonesimulator/DepositLens.build/DerivedSources/arm64 -Xcc -I/Users/wangrenzhu/Library/Developer/Xcode/DerivedData/DepositLens-dsgywrournmoriaqwuqwnykmeolc/Build/Intermediates.noindex/DepositLens.build/Debug-iphonesimulator/DepositLens.build/DerivedSources -Xcc -DDEBUG\=1 -emit-objc-header -emit-objc-header-path /Users/wangrenzhu/Library/Developer/Xcode/DerivedData/DepositLens-dsgywrournmoriaqwuqwnykmeolc/Build/Intermediates.noindex/DepositLens.build/Debug-iphonesimulator/DepositLens.build/Objects-normal/arm64/DepositLens-Swift.h -working-directory /Users/wangrenzhu/work/DepositLens -experimental-emit-module-separately -disable-cmo

SwiftExplicitDependencyGeneratePcm arm64 /Users/wangrenzhu/Library/Developer/Xcode/DerivedData/ModuleCache.noindex/ptrcheck-APP62H69SS0N42TF69NV2YX19.pcm

SwiftExplicitDependencyGeneratePcm arm64 /Users/wangrenzhu/Library/Developer/Xcode/DerivedData/ModuleCache.noindex/DeveloperToolsSupport-47Z05A44GOHRLTFYAOEKN23WZ.pcm

SwiftExplicitDependencyGeneratePcm arm64 /Users/wangrenzhu/Library/Developer/Xcode/DerivedData/ModuleCache.noindex/_Builtin_stddef-5Y45MMLBDBYX67AQ3ZCNE7KQ5.pcm

SwiftExplicitDependencyGeneratePcm arm64 /Users/wangrenzhu/Library/Developer/Xcode/DerivedData/ModuleCache.noindex/ptrauth-8LCE0FIU1SDD8O9LL04TXKLM5.pcm

SwiftExplicitDependencyGeneratePcm arm64 /Users/wangrenzhu/Library/Developer/Xcode/DerivedData/ModuleCache.noindex/_Builtin_stdbool-1C63HEYXSZD9ZKRV1LV9JZQKH.pcm

SwiftExplicitDependencyGeneratePcm arm64 /Users/wangrenzhu/Library/Developer/Xcode/DerivedData/ModuleCache.noindex/_SwiftConcurrencyShims-25ZDNOT1BNK3NPUC65IKCOJVV.pcm

SwiftExplicitDependencyGeneratePcm arm64 /Users/wangrenzhu/Library/Developer/Xcode/DerivedData/ModuleCache.noindex/_AvailabilityInternal-AZ426B20QBFVRF3WI6MKRNW53.pcm

SwiftExplicitDependencyGeneratePcm arm64 /Users/wangrenzhu/Library/Developer/Xcode/DerivedData/ModuleCache.noindex/SwiftShims-7CDU7VRNFTO8Z3Y0C8A9XBE1K.pcm

SwiftExplicitDependencyGeneratePcm arm64 /Users/wangrenzhu/Library/Developer/Xcode/DerivedData/ModuleCache.noindex/_Builtin_stdarg-CTR710YKYTBJAHI3FYI95V0SS.pcm

SwiftExplicitDependencyGeneratePcm arm64 /Users/wangrenzhu/Library/Developer/Xcode/DerivedData/ModuleCache.noindex/_Builtin_float-2VMALLBO0IJQWFWF7FUX7XFCU.pcm

SwiftExplicitDependencyGeneratePcm arm64 /Users/wangrenzhu/Library/Developer/Xcode/DerivedData/ModuleCache.noindex/_DarwinFoundation1-1W6VSVR86N16XBKQJ5T0NCBIP.pcm

SwiftExplicitDependencyGeneratePcm arm64 /Users/wangrenzhu/Library/Developer/Xcode/DerivedData/ModuleCache.noindex/_DarwinFoundation2-GFW5CNAY7T00LCINSI3G9ED5.pcm

SwiftExplicitDependencyGeneratePcm arm64 /Users/wangrenzhu/Library/Developer/Xcode/DerivedData/ModuleCache.noindex/_Builtin_limits-3RBDXU6LHBSPY8R5VVJAGCIAB.pcm

SwiftExplicitDependencyGeneratePcm arm64 /Users/wangrenzhu/Library/Developer/Xcode/DerivedData/ModuleCache.noindex/sys_types-AMKRN5TNJ2YZDNWDFKQP1CQ7L.pcm

SwiftExplicitDependencyGeneratePcm arm64 /Users/wangrenzhu/Library/Developer/Xcode/DerivedData/ModuleCache.noindex/_Builtin_stdint-EW8R31S0L199788JPIWLGA3H3.pcm

SwiftExplicitDependencyGeneratePcm arm64 /Users/wangrenzhu/Library/Developer/Xcode/DerivedData/ModuleCache.noindex/_Builtin_tgmath-1BE5JHXYE8ECRGYBP08L6Q2L6.pcm

SwiftExplicitDependencyGeneratePcm arm64 /Users/wangrenzhu/Library/Developer/Xcode/DerivedData/ModuleCache.noindex/_Builtin_intrinsics-1HWAM1WZQUTT80BM46OS7PKUR.pcm

SwiftExplicitDependencyGeneratePcm arm64 /Users/wangrenzhu/Library/Developer/Xcode/DerivedData/ModuleCache.noindex/_DarwinFoundation3-32H55PT76XLV0XHUOK6FDTB1Q.pcm

SwiftExplicitDependencyGeneratePcm arm64 /Users/wangrenzhu/Library/Developer/Xcode/DerivedData/ModuleCache.noindex/_Builtin_stdatomic-A6WM102R1IF3UJI72GA53RKUP.pcm

SwiftExplicitDependencyGeneratePcm arm64 /Users/wangrenzhu/Library/Developer/Xcode/DerivedData/ModuleCache.noindex/_Builtin_inttypes-86T8MCGJUP2RF8QOCF7N3V9YA.pcm

SwiftExplicitDependencyGeneratePcm arm64 /Users/wangrenzhu/Library/Developer/Xcode/DerivedData/ModuleCache.noindex/Darwin-APZWY0QUUTNAJY7SGMLOCS2FX.pcm

SwiftExplicitDependencyGeneratePcm arm64 /Users/wangrenzhu/Library/Developer/Xcode/DerivedData/ModuleCache.noindex/simd-2VAZ21NNA6TVAQDZ0B68IL10T.pcm

SwiftExplicitDependencyGeneratePcm arm64 /Users/wangrenzhu/Library/Developer/Xcode/DerivedData/ModuleCache.noindex/MachO-BFUWTGHU40G5NN4ATJ4ADQXPZ.pcm

SwiftExplicitDependencyGeneratePcm arm64 /Users/wangrenzhu/Library/Developer/Xcode/DerivedData/ModuleCache.noindex/ObjectiveC-44AP98LE62K4SQN77NVNTE9VA.pcm

SwiftExplicitDependencyGeneratePcm arm64 /Users/wangrenzhu/Library/Developer/Xcode/DerivedData/ModuleCache.noindex/os_object-AWD0OVWMI7RH2FLDKXN0HX4MH.pcm

SwiftExplicitDependencyGeneratePcm arm64 /Users/wangrenzhu/Library/Developer/Xcode/DerivedData/ModuleCache.noindex/os_workgroup-C348HMA6LHW3LWQ5LGSI4KZ23.pcm

SwiftExplicitDependencyGeneratePcm arm64 /Users/wangrenzhu/Library/Developer/Xcode/DerivedData/ModuleCache.noindex/Dispatch-B26AK2K1V4AH8YYB6QXNKQKA.pcm

SwiftExplicitDependencyGeneratePcm arm64 /Users/wangrenzhu/Library/Developer/Xcode/DerivedData/ModuleCache.noindex/Spatial-77KXW4FFYDU1CK5IP7RU07VVJ.pcm

SwiftExplicitDependencyGeneratePcm arm64 /Users/wangrenzhu/Library/Developer/Xcode/DerivedData/ModuleCache.noindex/CoreFoundation-EEWMO5X7J58NABHV9TP4GCK7T.pcm

SwiftExplicitDependencyGeneratePcm arm64 /Users/wangrenzhu/Library/Developer/Xcode/DerivedData/ModuleCache.noindex/XPC-AR8Q99S228WF9MBIIRDK3K7OL.pcm

SwiftExplicitDependencyGeneratePcm arm64 /Users/wangrenzhu/Library/Developer/Xcode/DerivedData/ModuleCache.noindex/os-PJR3Q525JP19N16R71XRCQS0.pcm

SwiftExplicitDependencyGeneratePcm arm64 /Users/wangrenzhu/Library/Developer/Xcode/DerivedData/ModuleCache.noindex/Security-MXL5M9PUULE1M7X3OMMIZHNZ.pcm

SwiftExplicitDependencyGeneratePcm arm64 /Users/wangrenzhu/Library/Developer/Xcode/DerivedData/ModuleCache.noindex/CoreGraphics-DXQIXRDBBZWOK6WCMP5W2AXXK.pcm

SwiftExplicitDependencyGeneratePcm arm64 /Users/wangrenzhu/Library/Developer/Xcode/DerivedData/ModuleCache.noindex/CFNetwork-F3X79Q0ISZ2THD4SI6V1FULTW.pcm

SwiftExplicitDependencyGeneratePcm arm64 /Users/wangrenzhu/Library/Developer/Xcode/DerivedData/ModuleCache.noindex/Foundation-BMV1BT5WYCWHGKU1V6FELWI1W.pcm

SwiftExplicitDependencyGeneratePcm arm64 /Users/wangrenzhu/Library/Developer/Xcode/DerivedData/ModuleCache.noindex/CoreText-9EMIL9BKG1YFPVPAVP9OND8OK.pcm

SwiftExplicitDependencyGeneratePcm arm64 /Users/wangrenzhu/Library/Developer/Xcode/DerivedData/ModuleCache.noindex/ImageIO-2N3L9ZP3YG8IU81981Q6ECQEF.pcm

SwiftExplicitDependencyGeneratePcm arm64 /Users/wangrenzhu/Library/Developer/Xcode/DerivedData/ModuleCache.noindex/CoreData-7T6TIL27DVV8Q082GUIF5A137.pcm

SwiftExplicitDependencyGeneratePcm arm64 /Users/wangrenzhu/Library/Developer/Xcode/DerivedData/ModuleCache.noindex/Accessibility-ANDNDS67ABAZKJQXM605TEP2S.pcm

SwiftExplicitDependencyGeneratePcm arm64 /Users/wangrenzhu/Library/Developer/Xcode/DerivedData/ModuleCache.noindex/UIUtilities-4V59US9MMR8C4SJCNHS5ZU3XR.pcm

SwiftExplicitDependencyGeneratePcm arm64 /Users/wangrenzhu/Library/Developer/Xcode/DerivedData/ModuleCache.noindex/FileProvider-9T87GGREAIKQWBOX4JJNIGW7J.pcm

SwiftExplicitDependencyGeneratePcm arm64 /Users/wangrenzhu/Library/Developer/Xcode/DerivedData/ModuleCache.noindex/IOSurface-NNJXZJEXQW06BZSRP9KR8CN4.pcm

SwiftExplicitDependencyGeneratePcm arm64 /Users/wangrenzhu/Library/Developer/Xcode/DerivedData/ModuleCache.noindex/OSLog-CVSBC4AY4O2KFZX2OT7V1577N.pcm

SwiftExplicitDependencyGeneratePcm arm64 /Users/wangrenzhu/Library/Developer/Xcode/DerivedData/ModuleCache.noindex/OpenGLES-AYGLL523R6V57L0WE9QR0ST9M.pcm

SwiftExplicitDependencyGeneratePcm arm64 /Users/wangrenzhu/Library/Developer/Xcode/DerivedData/ModuleCache.noindex/CoreTransferable-LCZ076PSSE8FI7CJYM15UGJP.pcm

SwiftExplicitDependencyGeneratePcm arm64 /Users/wangrenzhu/Library/Developer/Xcode/DerivedData/ModuleCache.noindex/UniformTypeIdentifiers-UOINRRQVAHRMUU9QRFL4SPAX.pcm

SwiftExplicitDependencyGeneratePcm arm64 /Users/wangrenzhu/Library/Developer/Xcode/DerivedData/ModuleCache.noindex/UserNotifications-APFEJA5VJWVIOIILGME7B2PJN.pcm

SwiftExplicitDependencyGeneratePcm arm64 /Users/wangrenzhu/Library/Developer/Xcode/DerivedData/ModuleCache.noindex/DataDetection-3YYMYTT8D8TSXP0CZVMRX0M70.pcm

SwiftExplicitDependencyGeneratePcm arm64 /Users/wangrenzhu/Library/Developer/Xcode/DerivedData/ModuleCache.noindex/Symbols-7ZQCSR2M198LS8UXP93CH5OF4.pcm

SwiftExplicitDependencyGeneratePcm arm64 /Users/wangrenzhu/Library/Developer/Xcode/DerivedData/ModuleCache.noindex/Metal-3HXVZHKQ2ZY3R9WQQ27COBV1J.pcm

SwiftExplicitDependencyGeneratePcm arm64 /Users/wangrenzhu/Library/Developer/Xcode/DerivedData/ModuleCache.noindex/CoreVideo-8N6RTVBKDUXX1V1B4GH6VW02C.pcm

SwiftExplicitDependencyGeneratePcm arm64 /Users/wangrenzhu/Library/Developer/Xcode/DerivedData/ModuleCache.noindex/QuartzCore-ACA7S0XRCVH9GO31D0CAQ4JP8.pcm

SwiftExplicitDependencyGeneratePcm arm64 /Users/wangrenzhu/Library/Developer/Xcode/DerivedData/ModuleCache.noindex/CoreImage-5E9BCG5MPKZ38HL2AA5FXGHWU.pcm

SwiftExplicitDependencyGeneratePcm arm64 /Users/wangrenzhu/Library/Developer/Xcode/DerivedData/ModuleCache.noindex/SwiftUICore-80VJN9MYC07KCHOTTKNO9K33G.pcm

SwiftExplicitDependencyGeneratePcm arm64 /Users/wangrenzhu/Library/Developer/Xcode/DerivedData/ModuleCache.noindex/UIKit-D3GRBGL1GNYRC1MRXLETTDVKK.pcm

SwiftExplicitDependencyGeneratePcm arm64 /Users/wangrenzhu/Library/Developer/Xcode/DerivedData/ModuleCache.noindex/SwiftUI-84QWGNBR53L3W85XQUK9NF445.pcm

SwiftEmitModule normal arm64 Emitting\ module\ for\ DepositLens (in target 'DepositLens' from project 'DepositLens')

EmitSwiftModule normal arm64 (in target 'DepositLens' from project 'DepositLens')
    cd /Users/wangrenzhu/work/DepositLens
    

SwiftCompile normal arm64 Compiling\ AppModels.swift /Users/wangrenzhu/work/DepositLens/DepositLens/Models/AppModels.swift (in target 'DepositLens' from project 'DepositLens')
SwiftCompile normal arm64 /Users/wangrenzhu/work/DepositLens/DepositLens/Models/AppModels.swift (in target 'DepositLens' from project 'DepositLens')
    cd /Users/wangrenzhu/work/DepositLens
    

SwiftCompile normal arm64 Compiling\ SettingsView.swift /Users/wangrenzhu/work/DepositLens/DepositLens/Views/SettingsView.swift (in target 'DepositLens' from project 'DepositLens')
SwiftCompile normal arm64 /Users/wangrenzhu/work/DepositLens/DepositLens/Views/SettingsView.swift (in target 'DepositLens' from project 'DepositLens')
    cd /Users/wangrenzhu/work/DepositLens
    

SwiftCompile normal arm64 Compiling\ ReviewView.swift /Users/wangrenzhu/work/DepositLens/DepositLens/Views/ReviewView.swift (in target 'DepositLens' from project 'DepositLens')
SwiftCompile normal arm64 /Users/wangrenzhu/work/DepositLens/DepositLens/Views/ReviewView.swift (in target 'DepositLens' from project 'DepositLens')
    cd /Users/wangrenzhu/work/DepositLens
    

SwiftCompile normal arm64 Compiling\ InspectionStore.swift /Users/wangrenzhu/work/DepositLens/DepositLens/Services/InspectionStore.swift (in target 'DepositLens' from project 'DepositLens')

SwiftCompile normal arm64 /Users/wangrenzhu/work/DepositLens/DepositLens/Services/InspectionStore.swift (in target 'DepositLens' from project 'DepositLens')
    cd /Users/wangrenzhu/work/DepositLens
    

SwiftCompile normal arm64 Compiling\ ReportExporter.swift /Users/wangrenzhu/work/DepositLens/DepositLens/Services/ReportExporter.swift (in target 'DepositLens' from project 'DepositLens')

SwiftCompile normal arm64 /Users/wangrenzhu/work/DepositLens/DepositLens/Services/ReportExporter.swift (in target 'DepositLens' from project 'DepositLens')
    cd /Users/wangrenzhu/work/DepositLens
    

SwiftCompile normal arm64 Compiling\ InspectionLogic.swift /Users/wangrenzhu/work/DepositLens/DepositLensCore/InspectionLogic.swift (in target 'DepositLens' from project 'DepositLens')

SwiftCompile normal arm64 /Users/wangrenzhu/work/DepositLens/DepositLensCore/InspectionLogic.swift (in target 'DepositLens' from project 'DepositLens')
    cd /Users/wangrenzhu/work/DepositLens
    

SwiftCompile normal arm64 Compiling\ RootView.swift /Users/wangrenzhu/work/DepositLens/DepositLens/Views/RootView.swift (in target 'DepositLens' from project 'DepositLens')

SwiftCompile normal arm64 /Users/wangrenzhu/work/DepositLens/DepositLens/Views/RootView.swift (in target 'DepositLens' from project 'DepositLens')
    cd /Users/wangrenzhu/work/DepositLens
    

SwiftCompile normal arm64 Compiling\ DepositLensApp.swift /Users/wangrenzhu/work/DepositLens/DepositLens/App/DepositLensApp.swift (in target 'DepositLens' from project 'DepositLens')

SwiftCompile normal arm64 /Users/wangrenzhu/work/DepositLens/DepositLens/App/DepositLensApp.swift (in target 'DepositLens' from project 'DepositLens')
    cd /Users/wangrenzhu/work/DepositLens
    

SwiftCompile normal arm64 Compiling\ SweepView.swift /Users/wangrenzhu/work/DepositLens/DepositLens/Views/SweepView.swift (in target 'DepositLens' from project 'DepositLens')

SwiftCompile normal arm64 /Users/wangrenzhu/work/DepositLens/DepositLens/Views/SweepView.swift (in target 'DepositLens' from project 'DepositLens')
    cd /Users/wangrenzhu/work/DepositLens
    

SwiftDriverJobDiscovery normal arm64 Emitting module for DepositLens (in target 'DepositLens' from project 'DepositLens')

SwiftDriver\ Compilation\ Requirements DepositLens normal arm64 com.apple.xcode.tools.swift.compiler (in target 'DepositLens' from project 'DepositLens')
    cd /Users/wangrenzhu/work/DepositLens
    builtin-Swift-Compilation-Requirements -- /Applications/Xcode.app/Contents/Developer/Toolchains/XcodeDefault.xctoolchain/usr/bin/swiftc -module-name DepositLens -Onone @/Users/wangrenzhu/Library/Developer/Xcode/DerivedData/DepositLens-dsgywrournmoriaqwuqwnykmeolc/Build/Intermediates.noindex/DepositLens.build/Debug-iphonesimulator/DepositLens.build/Objects-normal/arm64/DepositLens.SwiftFileList -DDEBUG -enable-bare-slash-regex -enable-experimental-feature DebugDescriptionMacro -sdk /Applications/Xcode.app/Contents/Developer/Platforms/iPhoneSimulator.platform/Developer/SDKs/iPhoneSimulator26.5.sdk -target arm64-apple-ios14.0-simulator -g -module-cache-path /Users/wangrenzhu/Library/Developer/Xcode/DerivedData/ModuleCache.noindex -Xfrontend -serialize-debugging-options -enable-testing -index-store-path /Users/wangrenzhu/Library/Developer/Xcode/DerivedData/DepositLens-dsgywrournmoriaqwuqwnykmeolc/Index.noindex/DataStore -Xcc -D_LIBCPP_HARDENING_MODE\=_LIBCPP_HARDENING_MODE_DEBUG -swift-version 5 -I /Users/wangrenzhu/Library/Developer/Xcode/DerivedData/DepositLens-dsgywrournmoriaqwuqwnykmeolc/Build/Products/Debug-iphonesimulator -F /Users/wangrenzhu/Library/Developer/Xcode/DerivedData/DepositLens-dsgywrournmoriaqwuqwnykmeolc/Build/Products/Debug-iphonesimulator -c -j10 -enable-batch-mode -incremental -Xcc -ivfsstatcache -Xcc /Users/wangrenzhu/Library/Developer/Xcode/DerivedData/SDKStatCaches.noindex/iphonesimulator26.5-23F81a-6cfe768891a92b912361537c460fe42b.sdkstatcache -output-file-map /Users/wangrenzhu/Library/Developer/Xcode/DerivedData/DepositLens-dsgywrournmoriaqwuqwnykmeolc/Build/Intermediates.noindex/DepositLens.build/Debug-iphonesimulator/DepositLens.build/Objects-normal/arm64/DepositLens-OutputFileMap.json -use-frontend-parseable-output -save-temps -no-color-diagnostics -explicit-module-build -module-cache-path /Users/wangrenzhu/Library/Developer/Xcode/DerivedData/DepositLens-dsgywrournmoriaqwuqwnykmeolc/Build/Intermediates.noindex/SwiftExplicitPrecompiledModules -clang-scanner-module-cache-path /Users/wangrenzhu/Library/Developer/Xcode/DerivedData/ModuleCache.noindex -sdk-module-cache-path /Users/wangrenzhu/Library/Developer/Xcode/DerivedData/ModuleCache.noindex -serialize-diagnostics -emit-dependencies -emit-module -emit-module-path /Users/wangrenzhu/Library/Developer/Xcode/DerivedData/DepositLens-dsgywrournmoriaqwuqwnykmeolc/Build/Intermediates.noindex/DepositLens.build/Debug-iphonesimulator/DepositLens.build/Objects-normal/arm64/DepositLens.swiftmodule -validate-clang-modules-once -clang-build-session-file /Users/wangrenzhu/Library/Developer/Xcode/DerivedData/ModuleCache.noindex/Session.modulevalidation -Xcc -I/Users/wangrenzhu/Library/Developer/Xcode/DerivedData/DepositLens-dsgywrournmoriaqwuqwnykmeolc/Build/Intermediates.noindex/DepositLens.build/Debug-iphonesimulator/DepositLens.build/swift-overrides.hmap -emit-const-values -Xfrontend -const-gather-protocols-file -Xfrontend /Users/wangrenzhu/Library/Developer/Xcode/DerivedData/DepositLens-dsgywrournmoriaqwuqwnykmeolc/Build/Intermediates.noindex/DepositLens.build/Debug-iphonesimulator/DepositLens.build/Objects-normal/arm64/DepositLens_const_extract_protocols.json -Xcc -iquote -Xcc /Users/wangrenzhu/Library/Developer/Xcode/DerivedData/DepositLens-dsgywrournmoriaqwuqwnykmeolc/Build/Intermediates.noindex/DepositLens.build/Debug-iphonesimulator/DepositLens.build/DepositLens-generated-files.hmap -Xcc -I/Users/wangrenzhu/Library/Developer/Xcode/DerivedData/DepositLens-dsgywrournmoriaqwuqwnykmeolc/Build/Intermediates.noindex/DepositLens.build/Debug-iphonesimulator/DepositLens.build/DepositLens-own-target-headers.hmap -Xcc -I/Users/wangrenzhu/Library/Developer/Xcode/DerivedData/DepositLens-dsgywrournmoriaqwuqwnykmeolc/Build/Intermediates.noindex/DepositLens.build/Debug-iphonesimulator/DepositLens.build/DepositLens-all-target-headers.hmap -Xcc -iquote -Xcc /Users/wangrenzhu/Library/Developer/Xcode/DerivedData/DepositLens-dsgywrournmoriaqwuqwnykmeolc/Build/Intermediates.noindex/DepositLens.build/Debug-iphonesimulator/DepositLens.build/DepositLens-project-headers.hmap -Xcc -I/Users/wangrenzhu/Library/Developer/Xcode/DerivedData/DepositLens-dsgywrournmoriaqwuqwnykmeolc/Build/Products/Debug-iphonesimulator/include -Xcc -I/Users/wangrenzhu/Library/Developer/Xcode/DerivedData/DepositLens-dsgywrournmoriaqwuqwnykmeolc/Build/Intermediates.noindex/DepositLens.build/Debug-iphonesimulator/DepositLens.build/DerivedSources-normal/arm64 -Xcc -I/Users/wangrenzhu/Library/Developer/Xcode/DerivedData/DepositLens-dsgywrournmoriaqwuqwnykmeolc/Build/Intermediates.noindex/DepositLens.build/Debug-iphonesimulator/DepositLens.build/DerivedSources/arm64 -Xcc -I/Users/wangrenzhu/Library/Developer/Xcode/DerivedData/DepositLens-dsgywrournmoriaqwuqwnykmeolc/Build/Intermediates.noindex/DepositLens.build/Debug-iphonesimulator/DepositLens.build/DerivedSources -Xcc -DDEBUG\=1 -emit-objc-header -emit-objc-header-path /Users/wangrenzhu/Library/Developer/Xcode/DerivedData/DepositLens-dsgywrournmoriaqwuqwnykmeolc/Build/Intermediates.noindex/DepositLens.build/Debug-iphonesimulator/DepositLens.build/Objects-normal/arm64/DepositLens-Swift.h -working-directory /Users/wangrenzhu/work/DepositLens -experimental-emit-module-separately -disable-cmo

SwiftMergeGeneratedHeaders /Users/wangrenzhu/Library/Developer/Xcode/DerivedData/DepositLens-dsgywrournmoriaqwuqwnykmeolc/Build/Intermediates.noindex/DepositLens.build/Debug-iphonesimulator/DepositLens.build/DerivedSources/DepositLens-Swift.h /Users/wangrenzhu/Library/Developer/Xcode/DerivedData/DepositLens-dsgywrournmoriaqwuqwnykmeolc/Build/Intermediates.noindex/DepositLens.build/Debug-iphonesimulator/DepositLens.build/Objects-normal/arm64/DepositLens-Swift.h (in target 'DepositLens' from project 'DepositLens')
    cd /Users/wangrenzhu/work/DepositLens
    builtin-swiftHeaderTool -arch arm64 /Users/wangrenzhu/Library/Developer/Xcode/DerivedData/DepositLens-dsgywrournmoriaqwuqwnykmeolc/Build/Intermediates.noindex/DepositLens.build/Debug-iphonesimulator/DepositLens.build/Objects-normal/arm64/DepositLens-Swift.h -o /Users/wangrenzhu/Library/Developer/Xcode/DerivedData/DepositLens-dsgywrournmoriaqwuqwnykmeolc/Build/Intermediates.noindex/DepositLens.build/Debug-iphonesimulator/DepositLens.build/DerivedSources/DepositLens-Swift.h

Copy /Users/wangrenzhu/Library/Developer/Xcode/DerivedData/DepositLens-dsgywrournmoriaqwuqwnykmeolc/Build/Products/Debug-iphonesimulator/DepositLens.swiftmodule/arm64-apple-ios-simulator.swiftmodule /Users/wangrenzhu/Library/Developer/Xcode/DerivedData/DepositLens-dsgywrournmoriaqwuqwnykmeolc/Build/Intermediates.noindex/DepositLens.build/Debug-iphonesimulator/DepositLens.build/Objects-normal/arm64/DepositLens.swiftmodule (in target 'DepositLens' from project 'DepositLens')
    cd /Users/wangrenzhu/work/DepositLens
    builtin-copy -exclude .DS_Store -exclude CVS -exclude .svn -exclude .git -exclude .hg -resolve-src-symlinks -rename /Users/wangrenzhu/Library/Developer/Xcode/DerivedData/DepositLens-dsgywrournmoriaqwuqwnykmeolc/Build/Intermediates.noindex/DepositLens.build/Debug-iphonesimulator/DepositLens.build/Objects-normal/arm64/DepositLens.swiftmodule /Users/wangrenzhu/Library/Developer/Xcode/DerivedData/DepositLens-dsgywrournmoriaqwuqwnykmeolc/Build/Products/Debug-iphonesimulator/DepositLens.swiftmodule/arm64-apple-ios-simulator.swiftmodule

Copy /Users/wangrenzhu/Library/Developer/Xcode/DerivedData/DepositLens-dsgywrournmoriaqwuqwnykmeolc/Build/Products/Debug-iphonesimulator/DepositLens.swiftmodule/arm64-apple-ios-simulator.swiftdoc /Users/wangrenzhu/Library/Developer/Xcode/DerivedData/DepositLens-dsgywrournmoriaqwuqwnykmeolc/Build/Intermediates.noindex/DepositLens.build/Debug-iphonesimulator/DepositLens.build/Objects-normal/arm64/DepositLens.swiftdoc (in target 'DepositLens' from project 'DepositLens')
    cd /Users/wangrenzhu/work/DepositLens
    builtin-copy -exclude .DS_Store -exclude CVS -exclude .svn -exclude .git -exclude .hg -resolve-src-symlinks -rename /Users/wangrenzhu/Library/Developer/Xcode/DerivedData/DepositLens-dsgywrournmoriaqwuqwnykmeolc/Build/Intermediates.noindex/DepositLens.build/Debug-iphonesimulator/DepositLens.build/Objects-normal/arm64/DepositLens.swiftdoc /Users/wangrenzhu/Library/Developer/Xcode/DerivedData/DepositLens-dsgywrournmoriaqwuqwnykmeolc/Build/Products/Debug-iphonesimulator/DepositLens.swiftmodule/arm64-apple-ios-simulator.swiftdoc

Copy /Users/wangrenzhu/Library/Developer/Xcode/DerivedData/DepositLens-dsgywrournmoriaqwuqwnykmeolc/Build/Products/Debug-iphonesimulator/DepositLens.swiftmodule/arm64-apple-ios-simulator.abi.json /Users/wangrenzhu/Library/Developer/Xcode/DerivedData/DepositLens-dsgywrournmoriaqwuqwnykmeolc/Build/Intermediates.noindex/DepositLens.build/Debug-iphonesimulator/DepositLens.build/Objects-normal/arm64/DepositLens.abi.json (in target 'DepositLens' from project 'DepositLens')
    cd /Users/wangrenzhu/work/DepositLens
    builtin-copy -exclude .DS_Store -exclude CVS -exclude .svn -exclude .git -exclude .hg -resolve-src-symlinks -rename /Users/wangrenzhu/Library/Developer/Xcode/DerivedData/DepositLens-dsgywrournmoriaqwuqwnykmeolc/Build/Intermediates.noindex/DepositLens.build/Debug-iphonesimulator/DepositLens.build/Objects-normal/arm64/DepositLens.abi.json /Users/wangrenzhu/Library/Developer/Xcode/DerivedData/DepositLens-dsgywrournmoriaqwuqwnykmeolc/Build/Products/Debug-iphonesimulator/DepositLens.swiftmodule/arm64-apple-ios-simulator.abi.json

Copy /Users/wangrenzhu/Library/Developer/Xcode/DerivedData/DepositLens-dsgywrournmoriaqwuqwnykmeolc/Build/Products/Debug-iphonesimulator/DepositLens.swiftmodule/Project/arm64-apple-ios-simulator.swiftsourceinfo /Users/wangrenzhu/Library/Developer/Xcode/DerivedData/DepositLens-dsgywrournmoriaqwuqwnykmeolc/Build/Intermediates.noindex/DepositLens.build/Debug-iphonesimulator/DepositLens.build/Objects-normal/arm64/DepositLens.swiftsourceinfo (in target 'DepositLens' from project 'DepositLens')
    cd /Users/wangrenzhu/work/DepositLens
    builtin-copy -exclude .DS_Store -exclude CVS -exclude .svn -exclude .git -exclude .hg -resolve-src-symlinks -rename /Users/wangrenzhu/Library/Developer/Xcode/DerivedData/DepositLens-dsgywrournmoriaqwuqwnykmeolc/Build/Intermediates.noindex/DepositLens.build/Debug-iphonesimulator/DepositLens.build/Objects-normal/arm64/DepositLens.swiftsourceinfo /Users/wangrenzhu/Library/Developer/Xcode/DerivedData/DepositLens-dsgywrournmoriaqwuqwnykmeolc/Build/Products/Debug-iphonesimulator/DepositLens.swiftmodule/Project/arm64-apple-ios-simulator.swiftsourceinfo

SwiftDriverJobDiscovery normal arm64 Compiling AppModels.swift (in target 'DepositLens' from project 'DepositLens')

SwiftDriverJobDiscovery normal arm64 Compiling InspectionLogic.swift (in target 'DepositLens' from project 'DepositLens')

SwiftDriverJobDiscovery normal arm64 Compiling InspectionStore.swift (in target 'DepositLens' from project 'DepositLens')

SwiftDriverJobDiscovery normal arm64 Compiling ReportExporter.swift (in target 'DepositLens' from project 'DepositLens')

SwiftDriverJobDiscovery normal arm64 Compiling RootView.swift (in target 'DepositLens' from project 'DepositLens')

SwiftDriverJobDiscovery normal arm64 Compiling DepositLensApp.swift (in target 'DepositLens' from project 'DepositLens')

SwiftDriverJobDiscovery normal arm64 Compiling SweepView.swift (in target 'DepositLens' from project 'DepositLens')

SwiftDriverJobDiscovery normal arm64 Compiling SettingsView.swift (in target 'DepositLens' from project 'DepositLens')

SwiftDriverJobDiscovery normal arm64 Compiling ReviewView.swift (in target 'DepositLens' from project 'DepositLens')

SwiftDriver\ Compilation DepositLens normal arm64 com.apple.xcode.tools.swift.compiler (in target 'DepositLens' from project 'DepositLens')
    cd /Users/wangrenzhu/work/DepositLens
    builtin-Swift-Compilation -- /Applications/Xcode.app/Contents/Developer/Toolchains/XcodeDefault.xctoolchain/usr/bin/swiftc -module-name DepositLens -Onone @/Users/wangrenzhu/Library/Developer/Xcode/DerivedData/DepositLens-dsgywrournmoriaqwuqwnykmeolc/Build/Intermediates.noindex/DepositLens.build/Debug-iphonesimulator/DepositLens.build/Objects-normal/arm64/DepositLens.SwiftFileList -DDEBUG -enable-bare-slash-regex -enable-experimental-feature DebugDescriptionMacro -sdk /Applications/Xcode.app/Contents/Developer/Platforms/iPhoneSimulator.platform/Developer/SDKs/iPhoneSimulator26.5.sdk -target arm64-apple-ios14.0-simulator -g -module-cache-path /Users/wangrenzhu/Library/Developer/Xcode/DerivedData/ModuleCache.noindex -Xfrontend -serialize-debugging-options -enable-testing -index-store-path /Users/wangrenzhu/Library/Developer/Xcode/DerivedData/DepositLens-dsgywrournmoriaqwuqwnykmeolc/Index.noindex/DataStore -Xcc -D_LIBCPP_HARDENING_MODE\=_LIBCPP_HARDENING_MODE_DEBUG -swift-version 5 -I /Users/wangrenzhu/Library/Developer/Xcode/DerivedData/DepositLens-dsgywrournmoriaqwuqwnykmeolc/Build/Products/Debug-iphonesimulator -F /Users/wangrenzhu/Library/Developer/Xcode/DerivedData/DepositLens-dsgywrournmoriaqwuqwnykmeolc/Build/Products/Debug-iphonesimulator -c -j10 -enable-batch-mode -incremental -Xcc -ivfsstatcache -Xcc /Users/wangrenzhu/Library/Developer/Xcode/DerivedData/SDKStatCaches.noindex/iphonesimulator26.5-23F81a-6cfe768891a92b912361537c460fe42b.sdkstatcache -output-file-map /Users/wangrenzhu/Library/Developer/Xcode/DerivedData/DepositLens-dsgywrournmoriaqwuqwnykmeolc/Build/Intermediates.noindex/DepositLens.build/Debug-iphonesimulator/DepositLens.build/Objects-normal/arm64/DepositLens-OutputFileMap.json -use-frontend-parseable-output -save-temps -no-color-diagnostics -explicit-module-build -module-cache-path /Users/wangrenzhu/Library/Developer/Xcode/DerivedData/DepositLens-dsgywrournmoriaqwuqwnykmeolc/Build/Intermediates.noindex/SwiftExplicitPrecompiledModules -clang-scanner-module-cache-path /Users/wangrenzhu/Library/Developer/Xcode/DerivedData/ModuleCache.noindex -sdk-module-cache-path /Users/wangrenzhu/Library/Developer/Xcode/DerivedData/ModuleCache.noindex -serialize-diagnostics -emit-dependencies -emit-module -emit-module-path /Users/wangrenzhu/Library/Developer/Xcode/DerivedData/DepositLens-dsgywrournmoriaqwuqwnykmeolc/Build/Intermediates.noindex/DepositLens.build/Debug-iphonesimulator/DepositLens.build/Objects-normal/arm64/DepositLens.swiftmodule -validate-clang-modules-once -clang-build-session-file /Users/wangrenzhu/Library/Developer/Xcode/DerivedData/ModuleCache.noindex/Session.modulevalidation -Xcc -I/Users/wangrenzhu/Library/Developer/Xcode/DerivedData/DepositLens-dsgywrournmoriaqwuqwnykmeolc/Build/Intermediates.noindex/DepositLens.build/Debug-iphonesimulator/DepositLens.build/swift-overrides.hmap -emit-const-values -Xfrontend -const-gather-protocols-file -Xfrontend /Users/wangrenzhu/Library/Developer/Xcode/DerivedData/DepositLens-dsgywrournmoriaqwuqwnykmeolc/Build/Intermediates.noindex/DepositLens.build/Debug-iphonesimulator/DepositLens.build/Objects-normal/arm64/DepositLens_const_extract_protocols.json -Xcc -iquote -Xcc /Users/wangrenzhu/Library/Developer/Xcode/DerivedData/DepositLens-dsgywrournmoriaqwuqwnykmeolc/Build/Intermediates.noindex/DepositLens.build/Debug-iphonesimulator/DepositLens.build/DepositLens-generated-files.hmap -Xcc -I/Users/wangrenzhu/Library/Developer/Xcode/DerivedData/DepositLens-dsgywrournmoriaqwuqwnykmeolc/Build/Intermediates.noindex/DepositLens.build/Debug-iphonesimulator/DepositLens.build/DepositLens-own-target-headers.hmap -Xcc -I/Users/wangrenzhu/Library/Developer/Xcode/DerivedData/DepositLens-dsgywrournmoriaqwuqwnykmeolc/Build/Intermediates.noindex/DepositLens.build/Debug-iphonesimulator/DepositLens.build/DepositLens-all-target-headers.hmap -Xcc -iquote -Xcc /Users/wangrenzhu/Library/Developer/Xcode/DerivedData/DepositLens-dsgywrournmoriaqwuqwnykmeolc/Build/Intermediates.noindex/DepositLens.build/Debug-iphonesimulator/DepositLens.build/DepositLens-project-headers.hmap -Xcc -I/Users/wangrenzhu/Library/Developer/Xcode/DerivedData/DepositLens-dsgywrournmoriaqwuqwnykmeolc/Build/Products/Debug-iphonesimulator/include -Xcc -I/Users/wangrenzhu/Library/Developer/Xcode/DerivedData/DepositLens-dsgywrournmoriaqwuqwnykmeolc/Build/Intermediates.noindex/DepositLens.build/Debug-iphonesimulator/DepositLens.build/DerivedSources-normal/arm64 -Xcc -I/Users/wangrenzhu/Library/Developer/Xcode/DerivedData/DepositLens-dsgywrournmoriaqwuqwnykmeolc/Build/Intermediates.noindex/DepositLens.build/Debug-iphonesimulator/DepositLens.build/DerivedSources/arm64 -Xcc -I/Users/wangrenzhu/Library/Developer/Xcode/DerivedData/DepositLens-dsgywrournmoriaqwuqwnykmeolc/Build/Intermediates.noindex/DepositLens.build/Debug-iphonesimulator/DepositLens.build/DerivedSources -Xcc -DDEBUG\=1 -emit-objc-header -emit-objc-header-path /Users/wangrenzhu/Library/Developer/Xcode/DerivedData/DepositLens-dsgywrournmoriaqwuqwnykmeolc/Build/Intermediates.noindex/DepositLens.build/Debug-iphonesimulator/DepositLens.build/Objects-normal/arm64/DepositLens-Swift.h -working-directory /Users/wangrenzhu/work/DepositLens -experimental-emit-module-separately -disable-cmo

Ld /Users/wangrenzhu/Library/Developer/Xcode/DerivedData/DepositLens-dsgywrournmoriaqwuqwnykmeolc/Build/Products/Debug-iphonesimulator/DepositLens.app/DepositLens.debug.dylib normal (in target 'DepositLens' from project 'DepositLens')
    cd /Users/wangrenzhu/work/DepositLens
    /Applications/Xcode.app/Contents/Developer/Toolchains/XcodeDefault.xctoolchain/usr/bin/clang -Xlinker -reproducible -target arm64-apple-ios14.0-simulator -dynamiclib -isysroot /Applications/Xcode.app/Contents/Developer/Platforms/iPhoneSimulator.platform/Developer/SDKs/iPhoneSimulator26.5.sdk -O0 -L/Users/wangrenzhu/Library/Developer/Xcode/DerivedData/DepositLens-dsgywrournmoriaqwuqwnykmeolc/Build/Intermediates.noindex/EagerLinkingTBDs/Debug-iphonesimulator -L/Users/wangrenzhu/Library/Developer/Xcode/DerivedData/DepositLens-dsgywrournmoriaqwuqwnykmeolc/Build/Products/Debug-iphonesimulator -F/Users/wangrenzhu/Library/Developer/Xcode/DerivedData/DepositLens-dsgywrournmoriaqwuqwnykmeolc/Build/Intermediates.noindex/EagerLinkingTBDs/Debug-iphonesimulator -F/Users/wangrenzhu/Library/Developer/Xcode/DerivedData/DepositLens-dsgywrournmoriaqwuqwnykmeolc/Build/Products/Debug-iphonesimulator -filelist /Users/wangrenzhu/Library/Developer/Xcode/DerivedData/DepositLens-dsgywrournmoriaqwuqwnykmeolc/Build/Intermediates.noindex/DepositLens.build/Debug-iphonesimulator/DepositLens.build/Objects-normal/arm64/DepositLens.LinkFileList -install_name @rpath/DepositLens.debug.dylib -Xlinker -rpath -Xlinker /usr/lib/swift -Xlinker -rpath -Xlinker @executable_path/Frameworks -Xlinker -dead_strip -Xlinker -object_path_lto -Xlinker /Users/wangrenzhu/Library/Developer/Xcode/DerivedData/DepositLens-dsgywrournmoriaqwuqwnykmeolc/Build/Intermediates.noindex/DepositLens.build/Debug-iphonesimulator/DepositLens.build/Objects-normal/arm64/DepositLens_lto.o -rdynamic -Xlinker -no_deduplicate -Xlinker -objc_abi_version -Xlinker 2 -Xlinker -dependency_info -Xlinker /Users/wangrenzhu/Library/Developer/Xcode/DerivedData/DepositLens-dsgywrournmoriaqwuqwnykmeolc/Build/Intermediates.noindex/DepositLens.build/Debug-iphonesimulator/DepositLens.build/Objects-normal/arm64/DepositLens_dependency_info.dat -fobjc-link-runtime -L/Applications/Xcode.app/Contents/Developer/Toolchains/XcodeDefault.xctoolchain/usr/lib/swift/iphonesimulator -L/usr/lib/swift -Xlinker -add_ast_path -Xlinker /Users/wangrenzhu/Library/Developer/Xcode/DerivedData/DepositLens-dsgywrournmoriaqwuqwnykmeolc/Build/Intermediates.noindex/DepositLens.build/Debug-iphonesimulator/DepositLens.build/Objects-normal/arm64/DepositLens.swiftmodule @/Users/wangrenzhu/Library/Developer/Xcode/DerivedData/DepositLens-dsgywrournmoriaqwuqwnykmeolc/Build/Intermediates.noindex/DepositLens.build/Debug-iphonesimulator/DepositLens.build/Objects-normal/arm64/DepositLens-linker-args.resp -Xlinker -alias -Xlinker _main -Xlinker ___debug_main_executable_dylib_entry_point -o /Users/wangrenzhu/Library/Developer/Xcode/DerivedData/DepositLens-dsgywrournmoriaqwuqwnykmeolc/Build/Products/Debug-iphonesimulator/DepositLens.app/DepositLens.debug.dylib

ConstructStubExecutorLinkFileList /Users/wangrenzhu/Library/Developer/Xcode/DerivedData/DepositLens-dsgywrournmoriaqwuqwnykmeolc/Build/Intermediates.noindex/DepositLens.build/Debug-iphonesimulator/DepositLens.build/DepositLens-ExecutorLinkFileList-normal-arm64.txt (in target 'DepositLens' from project 'DepositLens')
    cd /Users/wangrenzhu/work/DepositLens
    construct-stub-executor-link-file-list /Users/wangrenzhu/Library/Developer/Xcode/DerivedData/DepositLens-dsgywrournmoriaqwuqwnykmeolc/Build/Products/Debug-iphonesimulator/DepositLens.app/DepositLens.debug.dylib /Applications/Xcode.app/Contents/Developer/Platforms/iPhoneSimulator.platform/Developer/usr/lib/libPreviewsJITStubExecutor_no_swift_entry_point.a /Applications/Xcode.app/Contents/Developer/Platforms/iPhoneSimulator.platform/Developer/usr/lib/libPreviewsJITStubExecutor.a --output /Users/wangrenzhu/Library/Developer/Xcode/DerivedData/DepositLens-dsgywrournmoriaqwuqwnykmeolc/Build/Intermediates.noindex/DepositLens.build/Debug-iphonesimulator/DepositLens.build/DepositLens-ExecutorLinkFileList-normal-arm64.txt
note: Using stub executor library with Swift entry point. (in target 'DepositLens' from project 'DepositLens')

Ld /Users/wangrenzhu/Library/Developer/Xcode/DerivedData/DepositLens-dsgywrournmoriaqwuqwnykmeolc/Build/Products/Debug-iphonesimulator/DepositLens.app/DepositLens normal (in target 'DepositLens' from project 'DepositLens')
    cd /Users/wangrenzhu/work/DepositLens
    /Applications/Xcode.app/Contents/Developer/Toolchains/XcodeDefault.xctoolchain/usr/bin/clang -Xlinker -reproducible -target arm64-apple-ios14.0-simulator -isysroot /Applications/Xcode.app/Contents/Developer/Platforms/iPhoneSimulator.platform/Developer/SDKs/iPhoneSimulator26.5.sdk -O0 -L/Users/wangrenzhu/Library/Developer/Xcode/DerivedData/DepositLens-dsgywrournmoriaqwuqwnykmeolc/Build/Products/Debug-iphonesimulator -F/Users/wangrenzhu/Library/Developer/Xcode/DerivedData/DepositLens-dsgywrournmoriaqwuqwnykmeolc/Build/Products/Debug-iphonesimulator -Xlinker -rpath -Xlinker @executable_path -Xlinker -rpath -Xlinker @executable_path/Frameworks -rdynamic -Xlinker -no_deduplicate -Xlinker -objc_abi_version -Xlinker 2 -e ___debug_blank_executor_main -Xlinker -sectcreate -Xlinker __TEXT -Xlinker __debug_dylib -Xlinker /Users/wangrenzhu/Library/Developer/Xcode/DerivedData/DepositLens-dsgywrournmoriaqwuqwnykmeolc/Build/Intermediates.noindex/DepositLens.build/Debug-iphonesimulator/DepositLens.build/DepositLens-DebugDylibPath-normal-arm64.txt -Xlinker -sectcreate -Xlinker __TEXT -Xlinker __debug_instlnm -Xlinker /Users/wangrenzhu/Library/Developer/Xcode/DerivedData/DepositLens-dsgywrournmoriaqwuqwnykmeolc/Build/Intermediates.noindex/DepositLens.build/Debug-iphonesimulator/DepositLens.build/DepositLens-DebugDylibInstallName-normal-arm64.txt -Xlinker -filelist -Xlinker /Users/wangrenzhu/Library/Developer/Xcode/DerivedData/DepositLens-dsgywrournmoriaqwuqwnykmeolc/Build/Intermediates.noindex/DepositLens.build/Debug-iphonesimulator/DepositLens.build/DepositLens-ExecutorLinkFileList-normal-arm64.txt /Users/wangrenzhu/Library/Developer/Xcode/DerivedData/DepositLens-dsgywrournmoriaqwuqwnykmeolc/Build/Products/Debug-iphonesimulator/DepositLens.app/DepositLens.debug.dylib -o /Users/wangrenzhu/Library/Developer/Xcode/DerivedData/DepositLens-dsgywrournmoriaqwuqwnykmeolc/Build/Products/Debug-iphonesimulator/DepositLens.app/DepositLens

ExtractAppIntentsMetadata (in target 'DepositLens' from project 'DepositLens')
    cd /Users/wangrenzhu/work/DepositLens
    /Applications/Xcode.app/Contents/Developer/Toolchains/XcodeDefault.xctoolchain/usr/bin/appintentsmetadataprocessor --toolchain-dir /Applications/Xcode.app/Contents/Developer/Toolchains/XcodeDefault.xctoolchain --module-name DepositLens --sdk-root /Applications/Xcode.app/Contents/Developer/Platforms/iPhoneSimulator.platform/Developer/SDKs/iPhoneSimulator26.5.sdk --xcode-version 17F113 --platform-family iOS --deployment-target 14.0 --bundle-identifier com.wangrenzhu.depositlens --output /Users/wangrenzhu/Library/Developer/Xcode/DerivedData/DepositLens-dsgywrournmoriaqwuqwnykmeolc/Build/Products/Debug-iphonesimulator/DepositLens.app --target-triple arm64-apple-ios14.0-simulator --binary-file /Users/wangrenzhu/Library/Developer/Xcode/DerivedData/DepositLens-dsgywrournmoriaqwuqwnykmeolc/Build/Products/Debug-iphonesimulator/DepositLens.app/DepositLens --dependency-file /Users/wangrenzhu/Library/Developer/Xcode/DerivedData/DepositLens-dsgywrournmoriaqwuqwnykmeolc/Build/Intermediates.noindex/DepositLens.build/Debug-iphonesimulator/DepositLens.build/Objects-normal/arm64/DepositLens_dependency_info.dat --stringsdata-file /Users/wangrenzhu/Library/Developer/Xcode/DerivedData/DepositLens-dsgywrournmoriaqwuqwnykmeolc/Build/Intermediates.noindex/DepositLens.build/Debug-iphonesimulator/DepositLens.build/Objects-normal/arm64/ExtractedAppShortcutsMetadata.stringsdata --source-file-list /Users/wangrenzhu/Library/Developer/Xcode/DerivedData/DepositLens-dsgywrournmoriaqwuqwnykmeolc/Build/Intermediates.noindex/DepositLens.build/Debug-iphonesimulator/DepositLens.build/Objects-normal/arm64/DepositLens.SwiftFileList --metadata-file-list /Users/wangrenzhu/Library/Developer/Xcode/DerivedData/DepositLens-dsgywrournmoriaqwuqwnykmeolc/Build/Intermediates.noindex/DepositLens.build/Debug-iphonesimulator/DepositLens.build/DepositLens.DependencyMetadataFileList --static-metadata-file-list /Users/wangrenzhu/Library/Developer/Xcode/DerivedData/DepositLens-dsgywrournmoriaqwuqwnykmeolc/Build/Intermediates.noindex/DepositLens.build/Debug-iphonesimulator/DepositLens.build/DepositLens.DependencyStaticMetadataFileList --swift-const-vals-list /Users/wangrenzhu/Library/Developer/Xcode/DerivedData/DepositLens-dsgywrournmoriaqwuqwnykmeolc/Build/Intermediates.noindex/DepositLens.build/Debug-iphonesimulator/DepositLens.build/Objects-normal/arm64/DepositLens.SwiftConstValuesFileList --compile-time-extraction --deployment-aware-processing --validate-assistant-intents --no-app-shortcuts-localization
2026-07-15 07:36:45.608 appintentsmetadataprocessor[10186:346049063] Starting appintentsmetadataprocessor export
2026-07-15 07:36:45.611 appintentsmetadataprocessor[10186:346049063] warning: Metadata extraction skipped. No AppIntents.framework dependency found.

CopySwiftLibs /Users/wangrenzhu/Library/Developer/Xcode/DerivedData/DepositLens-dsgywrournmoriaqwuqwnykmeolc/Build/Products/Debug-iphonesimulator/DepositLens.app (in target 'DepositLens' from project 'DepositLens')
    cd /Users/wangrenzhu/work/DepositLens
    builtin-swiftStdLibTool --copy --verbose --scan-executable /Users/wangrenzhu/Library/Developer/Xcode/DerivedData/DepositLens-dsgywrournmoriaqwuqwnykmeolc/Build/Products/Debug-iphonesimulator/DepositLens.app/DepositLens.debug.dylib --scan-folder /Users/wangrenzhu/Library/Developer/Xcode/DerivedData/DepositLens-dsgywrournmoriaqwuqwnykmeolc/Build/Products/Debug-iphonesimulator/DepositLens.app/Frameworks --scan-folder /Users/wangrenzhu/Library/Developer/Xcode/DerivedData/DepositLens-dsgywrournmoriaqwuqwnykmeolc/Build/Products/Debug-iphonesimulator/DepositLens.app/PlugIns --scan-folder /Users/wangrenzhu/Library/Developer/Xcode/DerivedData/DepositLens-dsgywrournmoriaqwuqwnykmeolc/Build/Products/Debug-iphonesimulator/DepositLens.app/SystemExtensions --scan-folder /Users/wangrenzhu/Library/Developer/Xcode/DerivedData/DepositLens-dsgywrournmoriaqwuqwnykmeolc/Build/Products/Debug-iphonesimulator/DepositLens.app/Extensions --platform iphonesimulator --toolchain /Applications/Xcode.app/Contents/Developer/Toolchains/XcodeDefault.xctoolchain --destination /Users/wangrenzhu/Library/Developer/Xcode/DerivedData/DepositLens-dsgywrournmoriaqwuqwnykmeolc/Build/Products/Debug-iphonesimulator/DepositLens.app/Frameworks --strip-bitcode --strip-bitcode-tool /Applications/Xcode.app/Contents/Developer/Toolchains/XcodeDefault.xctoolchain/usr/bin/bitcode_strip --emit-dependency-info /Users/wangrenzhu/Library/Developer/Xcode/DerivedData/DepositLens-dsgywrournmoriaqwuqwnykmeolc/Build/Intermediates.noindex/DepositLens.build/Debug-iphonesimulator/DepositLens.build/SwiftStdLibToolInputDependencies.dep --filter-for-swift-os
Ignoring --strip-bitcode because --sign was not passed

AppIntentsSSUTraining (in target 'DepositLens' from project 'DepositLens')
    cd /Users/wangrenzhu/work/DepositLens
    /Applications/Xcode.app/Contents/Developer/Toolchains/XcodeDefault.xctoolchain/usr/bin/appintentsnltrainingprocessor --infoplist-path /Users/wangrenzhu/Library/Developer/Xcode/DerivedData/DepositLens-dsgywrournmoriaqwuqwnykmeolc/Build/Products/Debug-iphonesimulator/DepositLens.app/Info.plist --temp-dir-path /Users/wangrenzhu/Library/Developer/Xcode/DerivedData/DepositLens-dsgywrournmoriaqwuqwnykmeolc/Build/Intermediates.noindex/DepositLens.build/Debug-iphonesimulator/DepositLens.build/ssu --bundle-id com.wangrenzhu.depositlens --product-path /Users/wangrenzhu/Library/Developer/Xcode/DerivedData/DepositLens-dsgywrournmoriaqwuqwnykmeolc/Build/Products/Debug-iphonesimulator/DepositLens.app --extracted-metadata-path /Users/wangrenzhu/Library/Developer/Xcode/DerivedData/DepositLens-dsgywrournmoriaqwuqwnykmeolc/Build/Products/Debug-iphonesimulator/DepositLens.app/Metadata.appintents --metadata-file-list /Users/wangrenzhu/Library/Developer/Xcode/DerivedData/DepositLens-dsgywrournmoriaqwuqwnykmeolc/Build/Intermediates.noindex/DepositLens.build/Debug-iphonesimulator/DepositLens.build/DepositLens.DependencyMetadataFileList --source-file /Users/wangrenzhu/Library/Developer/Xcode/DerivedData/DepositLens-dsgywrournmoriaqwuqwnykmeolc/Build/Products/Debug-iphonesimulator/DepositLens.app/Info.plist --archive-ssu-assets
2026-07-15 07:36:45.633 appintentsnltrainingprocessor[10187:346049064] Parsing options for appintentsnltrainingprocessor
2026-07-15 07:36:45.634 appintentsnltrainingprocessor[10187:346049064] Starting AppIntents SSU YAML Generation
2026-07-15 07:36:45.636 appintentsnltrainingprocessor[10187:346049064] No AppShortcuts found - Skipping.

RegisterExecutionPolicyException /Users/wangrenzhu/Library/Developer/Xcode/DerivedData/DepositLens-dsgywrournmoriaqwuqwnykmeolc/Build/Products/Debug-iphonesimulator/DepositLens.app (in target 'DepositLens' from project 'DepositLens')
    cd /Users/wangrenzhu/work/DepositLens
    builtin-RegisterExecutionPolicyException /Users/wangrenzhu/Library/Developer/Xcode/DerivedData/DepositLens-dsgywrournmoriaqwuqwnykmeolc/Build/Products/Debug-iphonesimulator/DepositLens.app

Validate /Users/wangrenzhu/Library/Developer/Xcode/DerivedData/DepositLens-dsgywrournmoriaqwuqwnykmeolc/Build/Products/Debug-iphonesimulator/DepositLens.app (in target 'DepositLens' from project 'DepositLens')
    cd /Users/wangrenzhu/work/DepositLens
    builtin-validationUtility /Users/wangrenzhu/Library/Developer/Xcode/DerivedData/DepositLens-dsgywrournmoriaqwuqwnykmeolc/Build/Products/Debug-iphonesimulator/DepositLens.app -shallow-bundle -infoplist-subpath Info.plist

Touch /Users/wangrenzhu/Library/Developer/Xcode/DerivedData/DepositLens-dsgywrournmoriaqwuqwnykmeolc/Build/Products/Debug-iphonesimulator/DepositLens.app (in target 'DepositLens' from project 'DepositLens')
    cd /Users/wangrenzhu/work/DepositLens
    /usr/bin/touch -c /Users/wangrenzhu/Library/Developer/Xcode/DerivedData/DepositLens-dsgywrournmoriaqwuqwnykmeolc/Build/Products/Debug-iphonesimulator/DepositLens.app

** BUILD SUCCEEDED **

